#
# There is insufficient memory for the Java Runtime Environment to continue.
# Native memory allocation (mmap) failed to map 134217728 bytes for Failed to commit area from 0x0000000080c00000 to 0x0000000088c00000 of length 134217728.
# Possible reasons:
#   The system is out of physical RAM or swap space
#   The process is running with CompressedOops enabled, and the Java Heap may be blocking the growth of the native heap
# Possible solutions:
#   Reduce memory load on the system
#   Increase physical memory or swap space
#   Check if swap backing store is full
#   Decrease Java heap size (-Xmx/-Xms)
#   Decrease number of Java threads
#   Decrease Java thread stack sizes (-Xss)
#   Set larger code cache with -XX:ReservedCodeCacheSize=
# This output file may be truncated or incomplete.
#
#  Out of Memory Error (c:/BuildAgent/work/5ff2f6c26000d570/src/hotspot/os/windows/os_windows.cpp:3291), pid=113972, tid=113924
#
# JRE version:  (11.0.5+10) (build )
# Java VM: OpenJDK 64-Bit Server VM (11.0.5+10-b520.30, mixed mode, aot, sharing, tiered, compressed oops, g1 gc, windows-amd64)
# No core dump will be written. Minidumps are not enabled by default on client versions of Windows
#

---------------  S U M M A R Y ------------

Command Line: org.jetbrains.git4idea.http.GitAskPassApp Username for 'https://github.com': 

Host: Intel(R) Core(TM) i7-7700 CPU @ 3.60GHz, 8 cores, 7G,  Windows 10 , 64 bit Build 18362 (10.0.18362.329)
Time: Tue Jan 28 23:01:10 2020 ???? (?W?€??) elapsed time: 0 seconds (0d 0h 0m 0s)

---------------  T H R E A D  ---------------

Current thread (0x0000022e9e99a800):  JavaThread "Unknown thread" [_thread_in_vm, id=113924, stack(0x0000005cd9c00000,0x0000005cd9d00000)]

Stack: [0x0000005cd9c00000,0x0000005cd9d00000]
Native frames: (J=compiled Java code, j=interpreted, Vv=VM code, C=native code)
V  [jvm.dll+0x5dcafa]
V  [jvm.dll+0x70e375]
V  [jvm.dll+0x70f898]
V  [jvm.dll+0x70ff63]
V  [jvm.dll+0x23e238]
V  [jvm.dll+0x5da1c4]
V  [jvm.dll+0x5cf265]
V  [jvm.dll+0x2fac3b]
V  [jvm.dll+0x2fabaa]
V  [jvm.dll+0x2faa82]
V  [jvm.dll+0x2ff956]
V  [jvm.dll+0x3480d3]
V  [jvm.dll+0x3487d6]
V  [jvm.dll+0x3481d3]
V  [jvm.dll+0x2d5548]
V  [jvm.dll+0x2d66e7]
V  [jvm.dll+0x6ed237]
V  [jvm.dll+0x6eea2c]
V  [jvm.dll+0x355849]
V  [jvm.dll+0x6d239e]
V  [jvm.dll+0x3be283]
V  [jvm.dll+0x3c0701]
C  [jli.dll+0x5363]
C  [ucrtbase.dll+0x20e72]
C  [KERNEL32.DLL+0x17bd4]
C  [ntdll.dll+0x6ced1]


---------------  P R O C E S S  ---------------

Threads class SMR info:
_java_thread_list=0x0000022e9c8f6cf0, length=0, elements={
}

Java Threads: ( => current thread )

Other Threads:
  0x0000022e9e9b3800 GCTaskThread "GC Thread#0" [stack: 0x0000005cd9d00000,0x0000005cd9e00000] [id=111164]
  0x0000022e9e9e3000 ConcurrentGCThread "G1 Main Marker" [stack: 0x0000005cd9e00000,0x0000005cd9f00000] [id=113756]
  0x0000022e9e9e6000 ConcurrentGCThread "G1 Conc#0" [stack: 0x0000005cd9f00000,0x0000005cda000000] [id=27008]

[error occurred during error reporting (printing all threads), id 0xc0000005, EXCEPTION_ACCESS_VIOLATION (0xc0000005) at pc=0x00007ff82c2d5c17]

VM state:not at safepoint (not fully initialized)

VM Mutex/Monitor currently owned by a thread:  ([mutex/lock_event])
[0x0000022e9e998f30] Heap_lock - owner thread: 0x0000022e9e99a800

Heap address: 0x0000000080c00000, size: 2036 MB, Compressed Oops mode: Non-zero based: 0x0000000080c00000
Narrow klass base: 0x0000000000000000, Narrow klass shift: 0

GC Heap History (0 events):
No events

Deoptimization events (0 events):
No events

Classes redefined (0 events):
No events

Internal exceptions (0 events):
No events

Events (0 events):
No events


Dynamic libraries:
0x00007ff721cc0000 - 0x00007ff721cca000 	C:\Program Files\JetBrains\IntelliJ IDEA Community Edition 2019.3.2\jbr\bin\java.exe
0x00007ff86a720000 - 0x00007ff86a910000 	C:\WINDOWS\SYSTEM32\ntdll.dll
0x00007ff869ad0000 - 0x00007ff869b82000 	C:\WINDOWS\System32\KERNEL32.DLL
0x00007ff868270000 - 0x00007ff868513000 	C:\WINDOWS\System32\KERNELBASE.dll
0x00007ff868120000 - 0x00007ff86821a000 	C:\WINDOWS\System32\ucrtbase.dll
0x00007ff84f3a0000 - 0x00007ff84f3b7000 	C:\Program Files\JetBrains\IntelliJ IDEA Community Edition 2019.3.2\jbr\bin\VCRUNTIME140.dll
0x00007ff858c10000 - 0x00007ff858c29000 	C:\Program Files\JetBrains\IntelliJ IDEA Community Edition 2019.3.2\jbr\bin\jli.dll
0x00007ff8696b0000 - 0x00007ff869844000 	C:\WINDOWS\System32\USER32.dll
0x00007ff8685d0000 - 0x00007ff8685f1000 	C:\WINDOWS\System32\win32u.dll
0x00007ff86a3b0000 - 0x00007ff86a3d6000 	C:\WINDOWS\System32\GDI32.dll
0x00007ff867710000 - 0x00007ff8678a4000 	C:\WINDOWS\System32\gdi32full.dll
0x00007ff8678b0000 - 0x00007ff86794e000 	C:\WINDOWS\System32\msvcp_win.dll
0x00007ff85ae60000 - 0x00007ff85b0e5000 	C:\WINDOWS\WinSxS\amd64_microsoft.windows.common-controls_6595b64144ccf1df_6.0.18362.592_none_e6c0b1911312be02\COMCTL32.dll
0x00007ff8687d0000 - 0x00007ff86886e000 	C:\WINDOWS\System32\msvcrt.dll
0x00007ff869370000 - 0x00007ff8696a6000 	C:\WINDOWS\System32\combase.dll
0x00007ff869ce0000 - 0x00007ff869e00000 	C:\WINDOWS\System32\RPCRT4.dll
0x00007ff868600000 - 0x00007ff868680000 	C:\WINDOWS\System32\bcryptPrimitives.dll
0x00007ff868c40000 - 0x00007ff868c6e000 	C:\WINDOWS\System32\IMM32.DLL
0x00007ff846e80000 - 0x00007ff846f1d000 	C:\Program Files\JetBrains\IntelliJ IDEA Community Edition 2019.3.2\jbr\bin\msvcp140.dll
0x00007ff82bff0000 - 0x00007ff82caab000 	C:\Program Files\JetBrains\IntelliJ IDEA Community Edition 2019.3.2\jbr\bin\server\jvm.dll
0x00007ff868870000 - 0x00007ff868913000 	C:\WINDOWS\System32\ADVAPI32.dll
0x00007ff8689a0000 - 0x00007ff868a37000 	C:\WINDOWS\System32\sechost.dll
0x00007ff86a3e0000 - 0x00007ff86a3e8000 	C:\WINDOWS\System32\PSAPI.DLL
0x00007ff863d60000 - 0x00007ff863d84000 	C:\WINDOWS\SYSTEM32\WINMM.dll
0x00007ff8623c0000 - 0x00007ff8623ca000 	C:\WINDOWS\SYSTEM32\VERSION.dll
0x00007ff8545b0000 - 0x00007ff8545b9000 	C:\WINDOWS\SYSTEM32\WSOCK32.dll
0x00007ff86a340000 - 0x00007ff86a3af000 	C:\WINDOWS\System32\WS2_32.dll
0x00007ff863d30000 - 0x00007ff863d5d000 	C:\WINDOWS\SYSTEM32\WINMMBASE.dll
0x00007ff867950000 - 0x00007ff86799a000 	C:\WINDOWS\System32\cfgmgr32.dll
0x00007ff867650000 - 0x00007ff867661000 	C:\WINDOWS\System32\kernel.appcore.dll
0x00007ff85a770000 - 0x00007ff85a781000 	C:\Program Files\JetBrains\IntelliJ IDEA Community Edition 2019.3.2\jbr\bin\verify.dll
0x00007ff855f50000 - 0x00007ff856144000 	C:\WINDOWS\SYSTEM32\DBGHELP.DLL
0x00007ff855f20000 - 0x00007ff855f4a000 	C:\WINDOWS\SYSTEM32\dbgcore.DLL
0x00007ff858bb0000 - 0x00007ff858bd9000 	C:\Program Files\JetBrains\IntelliJ IDEA Community Edition 2019.3.2\jbr\bin\java.dll
0x00007ff857b40000 - 0x00007ff857b57000 	C:\Program Files\JetBrains\IntelliJ IDEA Community Edition 2019.3.2\jbr\bin\zip.dll
0x00007ff85b200000 - 0x00007ff85b20b000 	C:\Program Files\JetBrains\IntelliJ IDEA Community Edition 2019.3.2\jbr\bin\jimage.dll

dbghelp: loaded successfully - version: 4.0.5 - missing functions: none
symbol engine: initialized successfully - sym options: 0x614 - pdb path: .;C:\Program Files\JetBrains\IntelliJ IDEA Community Edition 2019.3.2\jbr\bin;C:\WINDOWS\SYSTEM32;C:\WINDOWS\WinSxS\amd64_microsoft.windows.common-controls_6595b64144ccf1df_6.0.18362.592_none_e6c0b1911312be02;C:\Program Files\JetBrains\IntelliJ IDEA Community Edition 2019.3.2\jbr\bin\server

VM Arguments:
java_command: org.jetbrains.git4idea.http.GitAskPassApp Username for 'https://github.com': 
java_class_path (initial): C:/Program Files/JetBrains/IntelliJ IDEA Community Edition 2019.3.2/plugins/git4idea/lib/git4idea-rt.jar;C:/Program Files/JetBrains/IntelliJ IDEA Community Edition 2019.3.2/lib/xmlrpc-2.0.1.jar;C:/Program Files/JetBrains/IntelliJ IDEA Community Edition 2019.3.2/lib/commons-codec-1.13.jar;C:/Program Files/JetBrains/IntelliJ IDEA Community Edition 2019.3.2/lib/util.jar
Launcher Type: SUN_STANDARD

[Global flags]
     intx CICompilerCount                          = 4                                         {product} {ergonomic}
     uint ConcGCThreads                            = 2                                         {product} {ergonomic}
     uint G1ConcRefinementThreads                  = 8                                         {product} {ergonomic}
   size_t G1HeapRegionSize                         = 1048576                                   {product} {ergonomic}
    uintx GCDrainStackTargetSize                   = 64                                        {product} {ergonomic}
   size_t InitialHeapSize                          = 134217728                                 {product} {ergonomic}
   size_t MarkStackSize                            = 4194304                                   {product} {ergonomic}
   size_t MaxHeapSize                              = 2134900736                                {product} {ergonomic}
   size_t MinHeapDeltaBytes                        = 1048576                                   {product} {ergonomic}
    uintx NonNMethodCodeHeapSize                   = 5836300                                {pd product} {ergonomic}
    uintx NonProfiledCodeHeapSize                  = 122910970                              {pd product} {ergonomic}
    uintx ProfiledCodeHeapSize                     = 122910970                              {pd product} {ergonomic}
    uintx ReservedCodeCacheSize                    = 251658240                              {pd product} {ergonomic}
     bool SegmentedCodeCache                       = true                                      {product} {ergonomic}
     bool UseCompressedClassPointers               = true                                 {lp64_product} {ergonomic}
     bool UseCompressedOops                        = true                                 {lp64_product} {ergonomic}
     bool UseG1GC                                  = true                                      {product} {ergonomic}
     bool UseLargePagesIndividualAllocation        = false                                  {pd product} {ergonomic}

Logging:
Log output configuration:
 #0: stdout all=warning uptime,level,tags
 #1: stderr all=off uptime,level,tags

Environment Variables:
PATH=C:\Program Files (x86)\Git\mingw32\libexec\git-core;C:\Program Files (x86)\Git\mingw32\libexec\git-core;C:\Program Files (x86)\Git\mingw32\bin;C:\Program Files (x86)\Git\usr\bin;C:\Users\Macky\bin;C:\Program Files (x86)\Common Files\Oracle\Java\javapath;C:\Program Files\Python37\Scripts;C:\Program Files\Python37;C:\ProgramData\Oracle\Java\javapat;C:\Program Files\Java\jdk-10\bin";C:\Program Files (x86)\Intel\iCLS Client;C:\Program Files\Intel\iCLS Client;C:\Windows\system32;C:\Windows;C:\Windows\System32\Wbem;C:\Windows\System32\WindowsPowerShell\v1.0;C:\Program Files (x86)\Intel\Intel(R) Management Engine Components\DAL;C:\Program Files\Intel\Intel(R) Management Engine Components\DAL;C:\Program Files (x86)\Intel\Intel(R) Management Engine Components\IPT;C:\Program Files\Intel\Intel(R) Management Engine Components\IPT;C:\Program Files (x86)\NVIDIA Corporation\PhysX\Common;C:\WINDOWS\system32;C:\WINDOWS;C:\WINDOWS\System32\Wbem;C:\WINDOWS\System32\WindowsPowerShell\v1.0;C:\Program Files (x86)\Git\cmd;C:\Program Files\Java\jdk-10\bin;C:\WINDOWS\System32\OpenSSH;C:\Program Files\NVIDIA Corporation\NVIDIA NvDLISR;C:\WINDOWS\system32;C:\WINDOWS;C:\WINDOWS\System32\Wbem;C:\WINDOWS\System32\WindowsPowerShell\v1.0;C:\WINDOWS\System32\OpenSSH;C:\Users\Macky\AppData\Local\Microsoft\WindowsApps;D:\test\php-7.0.12-nts-Win32-VC14-x86;C:\Users\Macky\AppData\Local\atom\bin;C:\Users\Macky\AppData\Local\GitHubDesktop\bin;%USERPROFILE%\AppData\Local\Microsoft\WindowsApps
USERNAME=Macky
DISPLAY=:0.0
OS=Windows_NT
PROCESSOR_IDENTIFIER=Intel64 Family 6 Model 158 Stepping 9, GenuineIntel



---------------  S Y S T E M  ---------------

OS: Windows 10 , 64 bit Build 18362 (10.0.18362.329)

CPU:total 8 (initial active 8) (4 cores per cpu, 2 threads per core) family 6 model 158 stepping 9, cmov, cx8, fxsr, mmx, sse, sse2, sse3, ssse3, sse4.1, sse4.2, popcnt, avx, avx2, aes, clmul, erms, rtm, 3dnowpref, lzcnt, ht, tsc, tscinvbit, bmi1, bmi2, adx, fma

Memory: 4k page, system-wide physical 8137M (416M free)
TotalPageFile size 32713M (AvailPageFile size 21M)
current process WorkingSet (physical memory assigned to process): 10M, peak: 10M
current process commit charge ("private bytes"): 60M, peak: 187M

vm_info: OpenJDK 64-Bit Server VM (11.0.5+10-b520.30) for windows-amd64 JRE (11.0.5+10-b520.30), built on Dec 24 2019 12:06:09 by "" with MS VC++ 14.0 (VS2015)

END.
